{"numTotalTestSuites":56,"numPassedTestSuites":48,"numFailedTestSuites":8,"numPendingTestSuites":0,"numTotalTests":42,"numPassedTests":38,"numFailedTests":4,"numPendingTests":0,"numTodoTests":0,"snapshot":{"added":0,"failure":false,"filesAdded":0,"filesRemoved":0,"filesRemovedList":[],"filesUnmatched":0,"filesUpdated":0,"matched":0,"total":0,"unchecked":0,"uncheckedKeysByFile":[],"unmatched":0,"updated":0,"didUpdate":false},"startTime":1773090388034,"success":false,"testResults":[{"assertionResults":[{"ancestorTitles":["Integration: Auth to Header Conversion"],"fullName":"Integration: Auth to Header Conversion converts Bearer Auth state into Authorization header for Engine","status":"passed","title":"converts Bearer Auth state into Authorization header for Engine","duration":196.96669999999995,"failureMessages":[],"meta":{}}],"startTime":1773090410469,"endTime":1773090410665.9668,"status":"passed","message":"","name":"C:/Users/ripan/Downloads/git_se/CosmoNaut/test/integration/auth-header-injection.test.tsx"},{"assertionResults":[{"ancestorTitles":["Ultra-Integration: End-to-End Request Pipeline"],"fullName":"Ultra-Integration: End-to-End Request Pipeline Integration of URL Cleaning + Auth Injection + History Persistence","status":"failed","title":"Integration of URL Cleaning + Auth Injection + History Persistence","duration":5907.3742,"failureMessages":["Error: STACK_TRACE_ERROR\n    at task (file:///C:/Users/ripan/Downloads/git_se/CosmoNaut/node_modules/@vitest/runner/dist/index.js:796:27)\n    at Object.<anonymous> (file:///C:/Users/ripan/Downloads/git_se/CosmoNaut/node_modules/@vitest/runner/dist/index.js:823:16)\n    at Object.<anonymous> (file:///C:/Users/ripan/Downloads/git_se/CosmoNaut/node_modules/@vitest/runner/dist/index.js:615:28)\n    at chain (file:///C:/Users/ripan/Downloads/git_se/CosmoNaut/node_modules/@vitest/runner/dist/chunk-tasks.js:9:14)\n    at C:/Users/ripan/Downloads/git_se/CosmoNaut/test/integration/comprehensive-engine-bridge.test.tsx:49:3\n    at file:///C:/Users/ripan/Downloads/git_se/CosmoNaut/node_modules/@vitest/runner/dist/index.js:901:40\n    at runWithSuite (file:///C:/Users/ripan/Downloads/git_se/CosmoNaut/node_modules/@vitest/runner/dist/index.js:1195:8)\n    at Object.collect (file:///C:/Users/ripan/Downloads/git_se/CosmoNaut/node_modules/@vitest/runner/dist/index.js:901:10)\n    at Object.collect (file:///C:/Users/ripan/Downloads/git_se/CosmoNaut/node_modules/@vitest/runner/dist/index.js:905:54)\n    at processTicksAndRejections (node:internal/process/task_queues:105:5)\n    at file:///C:/Users/ripan/Downloads/git_se/CosmoNaut/node_modules/@vitest/runner/dist/index.js:1390:26\n    at collectTests (file:///C:/Users/ripan/Downloads/git_se/CosmoNaut/node_modules/@vitest/runner/dist/index.js:1365:3)\n    at startTests (file:///C:/Users/ripan/Downloads/git_se/CosmoNaut/node_modules/@vitest/runner/dist/index.js:1937:17)\n    at file:///C:/Users/ripan/Downloads/git_se/CosmoNaut/node_modules/vitest/dist/chunks/base.CJ0Y4ePK.js:86:26\n    at run (file:///C:/Users/ripan/Downloads/git_se/CosmoNaut/node_modules/vitest/dist/chunks/base.CJ0Y4ePK.js:79:2)"],"meta":{}},{"ancestorTitles":["Ultra-Integration: End-to-End Request Pipeline"],"fullName":"Ultra-Integration: End-to-End Request Pipeline Integration: JSON Validation Edge Case","status":"passed","title":"Integration: JSON Validation Edge Case","duration":1406.4891000000025,"failureMessages":[],"meta":{}}],"startTime":1773090398959,"endTime":1773090406281.489,"status":"failed","message":"","name":"C:/Users/ripan/Downloads/git_se/CosmoNaut/test/integration/comprehensive-engine-bridge.test.tsx"},{"assertionResults":[{"ancestorTitles":["Ultra-Integration: Disk Persistence Bridge"],"fullName":"Ultra-Integration: Disk Persistence Bridge Deleting a collection triggers a write to the local filesystem via Tauri","status":"passed","title":"Deleting a collection triggers a write to the local filesystem via Tauri","duration":56.12519999999995,"failureMessages":[],"meta":{}}],"startTime":1773090410910,"endTime":1773090410966.1252,"status":"passed","message":"","name":"C:/Users/ripan/Downloads/git_se/CosmoNaut/test/integration/disk-persistence.test.tsx"},{"assertionResults":[{"ancestorTitles":["Integration: Distributed Tracing Persistence"],"fullName":"Integration: Distributed Tracing Persistence persists engine-level errors and trace metadata to history","status":"passed","title":"persists engine-level errors and trace metadata to history","duration":375.84010000000035,"failureMessages":[],"meta":{}}],"startTime":1773090408591,"endTime":1773090408966.84,"status":"passed","message":"","name":"C:/Users/ripan/Downloads/git_se/CosmoNaut/test/integration/distributed-tracing-flow.test.tsx"},{"assertionResults":[{"ancestorTitles":["Integration: Auto Header Injection"],"fullName":"Integration: Auto Header Injection automatically adds Content-Type when a JSON body is present in POST","status":"passed","title":"automatically adds Content-Type when a JSON body is present in POST","duration":3757.4898999999987,"failureMessages":[],"meta":{}}],"startTime":1773090402110,"endTime":1773090405867.49,"status":"passed","message":"","name":"C:/Users/ripan/Downloads/git_se/CosmoNaut/test/integration/header-logic.test.tsx"},{"assertionResults":[{"ancestorTitles":["Ultra-Integration: Import & Collection Handshake"],"fullName":"Ultra-Integration: Import & Collection Handshake Importing a collection correctly updates the Sidebar and Provider state","status":"failed","title":"Importing a collection correctly updates the Sidebar and Provider state","duration":5369.4738,"failureMessages":["Error: STACK_TRACE_ERROR\n    at task (file:///C:/Users/ripan/Downloads/git_se/CosmoNaut/node_modules/@vitest/runner/dist/index.js:796:27)\n    at Object.<anonymous> (file:///C:/Users/ripan/Downloads/git_se/CosmoNaut/node_modules/@vitest/runner/dist/index.js:823:16)\n    at Object.<anonymous> (file:///C:/Users/ripan/Downloads/git_se/CosmoNaut/node_modules/@vitest/runner/dist/index.js:615:28)\n    at chain (file:///C:/Users/ripan/Downloads/git_se/CosmoNaut/node_modules/@vitest/runner/dist/chunk-tasks.js:9:14)\n    at C:/Users/ripan/Downloads/git_se/CosmoNaut/test/integration/import-export-handshake.test.tsx:23:3\n    at file:///C:/Users/ripan/Downloads/git_se/CosmoNaut/node_modules/@vitest/runner/dist/index.js:901:40\n    at runWithSuite (file:///C:/Users/ripan/Downloads/git_se/CosmoNaut/node_modules/@vitest/runner/dist/index.js:1195:8)\n    at Object.collect (file:///C:/Users/ripan/Downloads/git_se/CosmoNaut/node_modules/@vitest/runner/dist/index.js:901:10)\n    at Object.collect (file:///C:/Users/ripan/Downloads/git_se/CosmoNaut/node_modules/@vitest/runner/dist/index.js:905:54)\n    at processTicksAndRejections (node:internal/process/task_queues:105:5)\n    at file:///C:/Users/ripan/Downloads/git_se/CosmoNaut/node_modules/@vitest/runner/dist/index.js:1390:26\n    at collectTests (file:///C:/Users/ripan/Downloads/git_se/CosmoNaut/node_modules/@vitest/runner/dist/index.js:1365:3)\n    at startTests (file:///C:/Users/ripan/Downloads/git_se/CosmoNaut/node_modules/@vitest/runner/dist/index.js:1937:17)\n    at file:///C:/Users/ripan/Downloads/git_se/CosmoNaut/node_modules/vitest/dist/chunks/base.CJ0Y4ePK.js:86:26\n    at run (file:///C:/Users/ripan/Downloads/git_se/CosmoNaut/node_modules/vitest/dist/chunks/base.CJ0Y4ePK.js:79:2)"],"meta":{}}],"startTime":1773090402709,"endTime":1773090408078.4739,"status":"failed","message":"","name":"C:/Users/ripan/Downloads/git_se/CosmoNaut/test/integration/import-export-handshake.test.tsx"},{"assertionResults":[{"ancestorTitles":["Ultra-Integration: Multi-Step Flow Automation"],"fullName":"Ultra-Integration: Multi-Step Flow Automation Chain Integration: Successfully passes data from Response A to Request B","status":"passed","title":"Chain Integration: Successfully passes data from Response A to Request B","duration":4125.808899999998,"failureMessages":[],"meta":{}}],"startTime":1773090401071,"endTime":1773090405196.8088,"status":"passed","message":"","name":"C:/Users/ripan/Downloads/git_se/CosmoNaut/test/integration/multi-step-flow.test.tsx"},{"assertionResults":[{"ancestorTitles":["Mega-Integration: Advanced Request Orchestration"],"fullName":"Mega-Integration: Advanced Request Orchestration UH1 Flow: Complex JSON Post with Auth Normalization & Trace Recording","status":"passed","title":"UH1 Flow: Complex JSON Post with Auth Normalization & Trace Recording","duration":4100.2991,"failureMessages":[],"meta":{}},{"ancestorTitles":["Mega-Integration: Advanced Request Orchestration"],"fullName":"Mega-Integration: Advanced Request Orchestration Error Boundary: JSON Validation","status":"passed","title":"Error Boundary: JSON Validation","duration":1159.3322000000007,"failureMessages":[],"meta":{}}],"startTime":1773090400944,"endTime":1773090406204.3323,"status":"passed","message":"","name":"C:/Users/ripan/Downloads/git_se/CosmoNaut/test/integration/orchestration-lifecycle.test.tsx"},{"assertionResults":[{"ancestorTitles":["Ultra-Integration: Privacy-Aware Persistence"],"fullName":"Ultra-Integration: Privacy-Aware Persistence UH1 Goal: History integration correctly captures Auth metadata for replay","status":"passed","title":"UH1 Goal: History integration correctly captures Auth metadata for replay","duration":311.5862000000002,"failureMessages":[],"meta":{}}],"startTime":1773090408128,"endTime":1773090408439.5862,"status":"passed","message":"","name":"C:/Users/ripan/Downloads/git_se/CosmoNaut/test/integration/privacy-history.test.tsx"},{"assertionResults":[{"ancestorTitles":["Mega-Integration: Role Based Access Control"],"fullName":"Mega-Integration: Role Based Access Control Read-only role disables critical UI controls and prevents modification","status":"passed","title":"Read-only role disables critical UI controls and prevents modification","duration":213.74199999999973,"failureMessages":[],"meta":{}}],"startTime":1773090407765,"endTime":1773090407978.742,"status":"passed","message":"","name":"C:/Users/ripan/Downloads/git_se/CosmoNaut/test/integration/rbac-security.test.tsx"},{"assertionResults":[{"ancestorTitles":["Integration: Demo request flow"],"fullName":"Integration: Demo request flow demo user can execute request and it still hits engine","status":"passed","title":"demo user can execute request and it still hits engine","duration":298.6889000000001,"failureMessages":[],"meta":{}}],"startTime":1773090408592,"endTime":1773090408890.689,"status":"passed","message":"","name":"C:/Users/ripan/Downloads/git_se/CosmoNaut/test/integration/request-demo-limiter.test.tsx"},{"assertionResults":[{"ancestorTitles":["Integration: Engine error contract"],"fullName":"Integration: Engine error contract error ΓåÆ response lifecycle ΓåÆ history persisted","status":"passed","title":"error ΓåÆ response lifecycle ΓåÆ history persisted","duration":1351.910100000001,"failureMessages":[],"meta":{}}],"startTime":1773090410905,"endTime":1773090412256.9102,"status":"passed","message":"","name":"C:/Users/ripan/Downloads/git_se/CosmoNaut/test/integration/request-error.contract.test.tsx"},{"assertionResults":[{"ancestorTitles":["Integration: Full request execution contract"],"fullName":"Integration: Full request execution contract normalizes ΓåÆ calls engine ΓåÆ renders response ΓåÆ persists history","status":"passed","title":"normalizes ΓåÆ calls engine ΓåÆ renders response ΓåÆ persists history","duration":1294.5540999999976,"failureMessages":[],"meta":{}}],"startTime":1773090411304,"endTime":1773090412598.5542,"status":"passed","message":"","name":"C:/Users/ripan/Downloads/git_se/CosmoNaut/test/integration/request-execution.contract.test.tsx"},{"assertionResults":[{"ancestorTitles":["Integration: request flow"],"fullName":"Integration: request flow user sends request ΓåÆ engine runs ΓåÆ response renders ΓåÆ history saved","status":"passed","title":"user sends request ΓåÆ engine runs ΓåÆ response renders ΓåÆ history saved","duration":1218.6640000000002,"failureMessages":[],"meta":{}}],"startTime":1773090411410,"endTime":1773090412628.664,"status":"passed","message":"","name":"C:/Users/ripan/Downloads/git_se/CosmoNaut/test/integration/request-flow.test.tsx"},{"assertionResults":[{"ancestorTitles":["Integration: Request loading lifecycle"],"fullName":"Integration: Request loading lifecycle Send ΓåÆ loading ΓåÆ response ΓåÆ history persisted ΓåÆ engine contract","status":"failed","title":"Send ΓåÆ loading ΓåÆ response ΓåÆ history persisted ΓåÆ engine contract","duration":2293.5442000000003,"failureMessages":["Error: Unable to find an element with the text: (t) => t.includes('\"ok\": true'). This could be because the text is broken up by multiple elements. In this case, you can provide a function for your text matcher to make your matcher more flexible.\n\nIgnored nodes: comments, script, style\n\u001b[36m<body>\u001b[39m\n  \u001b[36m<div>\u001b[39m\n    \u001b[36m<div\u001b[39m\n      \u001b[33mclass\u001b[39m=\u001b[32m\"flex flex-col h-full bg-card-bg/20 backdrop-blur-sm\"\u001b[39m\n    \u001b[36m>\u001b[39m\n      \u001b[36m<div\u001b[39m\n        \u001b[33mclass\u001b[39m=\u001b[32m\"p-4 border-b border-card-border bg-black/5 dark:bg-white/5 space-y-4\"\u001b[39m\n      \u001b[36m>\u001b[39m\n        \u001b[36m<div\u001b[39m\n          \u001b[33mclass\u001b[39m=\u001b[32m\"flex gap-2\"\u001b[39m\n        \u001b[36m>\u001b[39m\n          \u001b[36m<div\u001b[39m\n            \u001b[33mclass\u001b[39m=\u001b[32m\"relative group\"\u001b[39m\n          \u001b[36m>\u001b[39m\n            \u001b[36m<select\u001b[39m\n              \u001b[33mclass\u001b[39m=\u001b[32m\"glass-select h-11 px-4 rounded-xl font-black text-xs appearance-none focus:border-primary/50 text-emerald-500 \"\u001b[39m\n            \u001b[36m>\u001b[39m\n              \u001b[36m<option\u001b[39m\n                \u001b[33mvalue\u001b[39m=\u001b[32m\"GET\"\u001b[39m\n              \u001b[36m>\u001b[39m\n                \u001b[0mGET\u001b[0m\n              \u001b[36m</option>\u001b[39m\n              \u001b[36m<option\u001b[39m\n                \u001b[33mvalue\u001b[39m=\u001b[32m\"POST\"\u001b[39m\n              \u001b[36m>\u001b[39m\n                \u001b[0mPOST\u001b[0m\n              \u001b[36m</option>\u001b[39m\n              \u001b[36m<option\u001b[39m\n                \u001b[33mvalue\u001b[39m=\u001b[32m\"PUT\"\u001b[39m\n              \u001b[36m>\u001b[39m\n                \u001b[0mPUT\u001b[0m\n              \u001b[36m</option>\u001b[39m\n              \u001b[36m<option\u001b[39m\n                \u001b[33mvalue\u001b[39m=\u001b[32m\"DELETE\"\u001b[39m\n              \u001b[36m>\u001b[39m\n                \u001b[0mDELETE\u001b[0m\n              \u001b[36m</option>\u001b[39m\n            \u001b[36m</select>\u001b[39m\n            \u001b[36m<div\u001b[39m\n              \u001b[33mclass\u001b[39m=\u001b[32m\"absolute right-3 top-1/2 -translate-y-1/2 pointer-events-none text-muted opacity-50\"\u001b[39m\n            \u001b[36m>\u001b[39m\n              \u001b[36m<svg\u001b[39m\n                \u001b[33mfill\u001b[39m=\u001b[32m\"none\"\u001b[39m\n                \u001b[33mheight\u001b[39m=\u001b[32m\"10\"\u001b[39m\n                \u001b[33mstroke\u001b[39m=\u001b[32m\"currentColor\"\u001b[39m\n                \u001b[33mstroke-linecap\u001b[39m=\u001b[32m\"round\"\u001b[39m\n                \u001b[33mstroke-linejoin\u001b[39m=\u001b[32m\"round\"\u001b[39m\n                \u001b[33mstroke-width\u001b[39m=\u001b[32m\"3\"\u001b[39m\n                \u001b[33mviewBox\u001b[39m=\u001b[32m\"0 0 24 24\"\u001b[39m\n                \u001b[33mwidth\u001b[39m=\u001b[32m\"10\"\u001b[39m\n              \u001b[36m>\u001b[39m\n                \u001b[36m<polyline\u001b[39m\n                  \u001b[33mpoints\u001b[39m=\u001b[32m\"6 9 12 15 18 9\"\u001b[39m\n                \u001b[36m/>\u001b[39m\n              \u001b[36m</svg>\u001b[39m\n            \u001b[36m</div>\u001b[39m\n          \u001b[36m</div>\u001b[39m\n          \u001b[36m<input\u001b[39m\n            \u001b[33mclass\u001b[39m=\u001b[32m\"flex-1 h-11 px-4 rounded-xl border border-card-border/50 bg-card-bg text-sm text-foreground focus:outline-none focus:border-primary/50 transition-all shadow-inner placeholder:text-muted/50\"\u001b[39m\n            \u001b[33mplaceholder\u001b[39m=\u001b[32m\"Enter request URL\"\u001b[39m\n            \u001b[33mtype\u001b[39m=\u001b[32m\"text\"\u001b[39m\n            \u001b[33mvalue\u001b[39m=\u001b[32m\"https://api.test.com\"\u001b[39m\n          \u001b[36m/>\u001b[39m\n          \u001b[36m<button\u001b[39m\n            \u001b[33mclass\u001b[39m=\u001b[32m\"h-11 px-6 rounded-xl border border-primary/30 bg-primary/5 text-primary text-xs font-black uppercase tracking-widest hover:bg-primary/10 transition-all flex items-center gap-2\"\u001b[39m\n          \u001b[36m>\u001b[39m\n            \u001b[36m<svg\u001b[39m\n              \u001b[33mfill\u001b[39m=\u001b[32m\"none\"\u001b[39m\n              \u001b[33mheight\u001b[39m=\u001b[32m\"14\"\u001b[39m\n              \u001b[33mstroke\u001b[39m=\u001b[32m\"currentColor\"\u001b[39m\n              \u001b[33mstroke-linecap\u001b[39m=\u001b[32m\"round\"\u001b[39m\n              \u001b[33mstroke-linejoin\u001b[39m=\u001b[32m\"round\"\u001b[39m\n              \u001b[33mstroke-width\u001b[39m=\u001b[32m\"2.5\"\u001b[39m\n              \u001b[33mviewBox\u001b[39m=\u001b[32m\"0 0 24 24\"\u001b[39m\n              \u001b[33mwidth\u001b[39m=\u001b[32m\"14\"\u001b[39m\n            \u001b[36m>\u001b[39m\n              \u001b[36m<path\u001b[39m\n                \u001b[33md\u001b[39m=\u001b[32m\"M19 21H5a2 2 0 0 1-2-2V5a2 2 0 0 1 2-2h11l5 5v11a2 2 0 0 1-2 2z\"\u001b[39m\n              \u001b[36m/>\u001b[39m\n              \u001b[36m<polyline\u001b[39m\n                \u001b[33mpoints\u001b[39m=\u001b[32m\"17 21 17 13 7 13 7 21\"\u001b[39m\n              \u001b[36m/>\u001b[39m\n              \u001b[36m<polyline\u001b[39m\n                \u001b[33mpoints\u001b[39m=\u001b[32m\"7 3 7 8 15 8\"\u001b[39m\n              \u001b[36m/>\u001b[39m\n            \u001b[36m</svg>\u001b[39m\n            \u001b[0mUpdate\u001b[0m\n          \u001b[36m</button>\u001b[39m\n          \u001b[36m<button\u001b[39m\n            \u001b[33mclass\u001b[39m=\u001b[32m\"h-11 px-6 rounded-xl border border-card-border/50 bg-card-bg text-muted text-xs font-black uppercase tracking-widest hover:text-foreground transition-all\"\u001b[39m\n          \u001b[36m>\u001b[39m\n            \u001b[0mSave As\u001b[0m\n          \u001b[36m</button>\u001b[39m\n          \u001b[36m<button\u001b[39m\n            \u001b[33mclass\u001b[39m=\u001b[32m\"h-11 px-8 rounded-xl bg-primary text-white text-xs font-black uppercase tracking-widest shadow-lg shadow-primary/20 hover:brightness-110 active:scale-95 transition-all flex items-center gap-2\"\u001b[39m\n          \u001b[36m>\u001b[39m\n            \u001b[36m<svg\u001b[39m\n              \u001b[33mfill\u001b[39m=\u001b[32m\"none\"\u001b[39m\n              \u001b[33mheight\u001b[39m=\u001b[32m\"14\"\u001b[39m\n              \u001b[33mstroke\u001b[39m=\u001b[32m\"currentColor\"\u001b[39m\n              \u001b[33mstroke-linecap\u001b[39m=\u001b[32m\"round\"\u001b[39m\n              \u001b[33mstroke-linejoin\u001b[39m=\u001b[32m\"round\"\u001b[39m\n              \u001b[33mstroke-width\u001b[39m=\u001b[32m\"3\"\u001b[39m\n              \u001b[33mviewBox\u001b[39m=\u001b[32m\"0 0 24 24\"\u001b[39m\n              \u001b[33mwidth\u001b[39m=\u001b[32m\"14\"\u001b[39m\n            \u001b[36m>\u001b[39m\n              \u001b[36m<line\u001b[39m\n                \u001b[33mx1\u001b[39m=\u001b[32m\"22\"\u001b[39m\n                \u001b[33mx2\u001b[39m=\u001b[32m\"11\"\u001b[39m\n                \u001b[33my1\u001b[39m=\u001b[32m\"2\"\u001b[39m\n                \u001b[33my2\u001b[39m=\u001b[32m\"13\"\u001b[39m\n              \u001b[36m/>\u001b[39m\n              \u001b[36m<polygon\u001b[39m\n                \u001b[33mpoints\u001b[39m=\u001b[32m\"22 2 15 22 11 13 2 9 22 2\"\u001b[39m\n              \u001b[36m/>\u001b[39m\n            \u001b[36m</svg>\u001b[39m\n            \u001b[0mSend\u001b[0m\n          \u001b[36m</button>\u001b[39m\n        \u001b[36m</div>\u001b[39m\n        \u001b[36m<div\u001b[39m\n          \u001b[33mclass\u001b[39m=\u001b[32m\"flex gap-4\"\u001b[39m\n        \u001b[36m>\u001b[39m\n          \u001b[36m<button\u001b[39m\n            \u001b[33mclass\u001b[39m=\u001b[32m\"text-[10px] font-black uppercase tracking-widest pb-1 transition-all relative text-primary\"\u001b[39m\n          \u001b[36m>\u001b[39m\n            \u001b[0mParams\u001b[0m\n            \u001b[36m<div\u001b[39m\n              \u001b[33mclass\u001b[39m=\u001b[32m\"absolute bottom-[-2px] left-0 right-0 h-0.5 bg-primary rounded-full\"\u001b[39m\n            \u001b[36m/>\u001b[39m\n          \u001b[36m</button>\u001b[39m\n          \u001b[36m<button\u001b[39m\n            \u001b[33mclass\u001b[39m=\u001b[32m\"text-[10px] font-black uppercase tracking-widest pb-1 transition-all relative text-muted hover:text-foreground\"\u001b[39m\n          \u001b[36m>\u001b[39m\n            \u001b[0mAuth\u001b[0m\n          \u001b[36m</button>\u001b[39m\n          \u001b[36m<button\u001b[39m\n            \u001b[33mclass\u001b[39m=\u001b[32m\"text-[10px] font-black uppercase tracking-widest pb-1 transition-all relative text-muted hover:text-foreground\"\u001b[39m\n          \u001b[36m>\u001b[39m\n            \u001b[0mHeaders\u001b[0m\n          \u001b[36m</button>\u001b[39m\n          \u001b[36m<button\u001b[39m\n            \u001b[33mclass\u001b[39m=\u001b[32m\"text-[10px] font-black uppercase tracking-widest pb-1 transition-all relative text-muted hover:text-foreground\"\u001b[39m\n          \u001b[36m>\u001b[39m\n            \u001b[0mBody\u001b[0m\n          \u001b[36m</button>\u001b[39m\n        \u001b[36m</div>\u001b[39m\n      \u001b[36m</div>\u001b[39m\n      \u001b[36m<div\u001b[39m\n        \u001b[33mclass\u001b[39m=\u001b[32m\"flex-1 overflow-y-auto p-4 scrollbar-hide\"\u001b[39m\n      \u001b[36m>\u001b[39m\n        \u001b[36m<div\u001b[39m\n          \u001b[33mclass\u001b[39m=\u001b[32m\"w-full space-y-2 p-2\"\u001b[39m\n        ...\n    at Proxy.waitForWrapper (C:\\Users\\ripan\\Downloads\\git_se\\CosmoNaut\\node_modules\\@testing-library\\dom\\dist\\wait-for.js:163:27)\n    at C:/Users/ripan/Downloads/git_se/CosmoNaut/test/integration/request-loading.test.tsx:138:11\n    at file:///C:/Users/ripan/Downloads/git_se/CosmoNaut/node_modules/@vitest/runner/dist/index.js:915:20"],"meta":{}}],"startTime":1773090411129,"endTime":1773090413422.5442,"status":"failed","message":"","name":"C:/Users/ripan/Downloads/git_se/CosmoNaut/test/integration/request-loading.test.tsx"},{"assertionResults":[{"ancestorTitles":["Integration: Request normalization"],"fullName":"Integration: Request normalization normalizes params into URL and persists history","status":"passed","title":"normalizes params into URL and persists history","duration":4122.6037000000015,"failureMessages":[],"meta":{}}],"startTime":1773090401859,"endTime":1773090405981.6038,"status":"passed","message":"","name":"C:/Users/ripan/Downloads/git_se/CosmoNaut/test/integration/request-normalization.test.tsx"},{"assertionResults":[{"ancestorTitles":["Ultra-Integration: Response Format Visualization"],"fullName":"Ultra-Integration: Response Format Visualization Successfully formats raw engine strings into Pretty JSON via format selector","status":"failed","title":"Successfully formats raw engine strings into Pretty JSON via format selector","duration":807.6368000000002,"failureMessages":["TestingLibraryElementError: Unable to find an element with the text: (content, element) => { return element?.tagName.toLowerCase() === \"pre\" && content.includes('\"status\": \"active\"'); } (normalized from '(content, element) => {\n      return element?.tagName.toLowerCase() === \"pre\" && content.includes('\"status\": \"active\"');\n    }'). This could be because the text is broken up by multiple elements. In this case, you can provide a function for your text matcher to make your matcher more flexible.\n\nIgnored nodes: comments, script, style\n\u001b[36m<body>\u001b[39m\n  \u001b[36m<div>\u001b[39m\n    \u001b[36m<div\u001b[39m\n      \u001b[33mclass\u001b[39m=\u001b[32m\"flex flex-col h-full bg-card-bg/5 backdrop-blur-xl border-t border-card-border overflow-hidden\"\u001b[39m\n    \u001b[36m>\u001b[39m\n      \u001b[36m<div\u001b[39m\n        \u001b[33mclass\u001b[39m=\u001b[32m\"h-12 px-4 border-b border-card-border/50 flex items-center justify-between z-20 bg-black/20 backdrop-blur-md\"\u001b[39m\n      \u001b[36m>\u001b[39m\n        \u001b[36m<div\u001b[39m\n          \u001b[33mclass\u001b[39m=\u001b[32m\"flex items-center gap-4\"\u001b[39m\n        \u001b[36m>\u001b[39m\n          \u001b[36m<div\u001b[39m\n            \u001b[33mclass\u001b[39m=\u001b[32m\"flex gap-1\"\u001b[39m\n          \u001b[36m>\u001b[39m\n            \u001b[36m<button\u001b[39m\n              \u001b[33mclass\u001b[39m=\u001b[32m\"px-3 py-1.5 rounded-md text-[11px] font-black uppercase tracking-[0.15em] transition-all text-primary bg-primary/10\"\u001b[39m\n            \u001b[36m>\u001b[39m\n              \u001b[0mBody\u001b[0m\n            \u001b[36m</button>\u001b[39m\n            \u001b[36m<button\u001b[39m\n              \u001b[33mclass\u001b[39m=\u001b[32m\"px-3 py-1.5 rounded-md text-[11px] font-black uppercase tracking-[0.15em] transition-all text-muted hover:text-foreground\"\u001b[39m\n            \u001b[36m>\u001b[39m\n              \u001b[0mPreview\u001b[0m\n            \u001b[36m</button>\u001b[39m\n          \u001b[36m</div>\u001b[39m\n          \u001b[36m<div\u001b[39m\n            \u001b[33mclass\u001b[39m=\u001b[32m\"w-[1px] h-4 bg-muted/20 mx-2\"\u001b[39m\n          \u001b[36m/>\u001b[39m\n          \u001b[36m<div\u001b[39m\n            \u001b[33mclass\u001b[39m=\u001b[32m\"relative\"\u001b[39m\n          \u001b[36m>\u001b[39m\n            \u001b[36m<button\u001b[39m\n              \u001b[33mclass\u001b[39m=\u001b[32m\"flex items-center gap-2 px-2 py-1.5 rounded-lg hover:bg-black/5 dark:hover:bg-white/5 text-[11px] font-black uppercase tracking-widest text-foreground/80 transition-colors border border-transparent\"\u001b[39m\n            \u001b[36m>\u001b[39m\n              \u001b[36m<span\u001b[39m\n                \u001b[33mclass\u001b[39m=\u001b[32m\"text-primary/70\"\u001b[39m\n              \u001b[36m>\u001b[39m\n                \u001b[36m<span\u001b[39m\n                  \u001b[33mclass\u001b[39m=\u001b[32m\"text-[10px] w-4 font-bold\"\u001b[39m\n                \u001b[36m/>\u001b[39m\n              \u001b[36m</span>\u001b[39m\n              \u001b[36m<span>\u001b[39m\n                \u001b[0mJSON\u001b[0m\n              \u001b[36m</span>\u001b[39m\n              \u001b[36m<svg\u001b[39m\n                \u001b[33mclass\u001b[39m=\u001b[32m\"transition-transform duration-200 \"\u001b[39m\n                \u001b[33mfill\u001b[39m=\u001b[32m\"none\"\u001b[39m\n                \u001b[33mheight\u001b[39m=\u001b[32m\"10\"\u001b[39m\n                \u001b[33mstroke\u001b[39m=\u001b[32m\"currentColor\"\u001b[39m\n                \u001b[33mstroke-linecap\u001b[39m=\u001b[32m\"round\"\u001b[39m\n                \u001b[33mstroke-linejoin\u001b[39m=\u001b[32m\"round\"\u001b[39m\n                \u001b[33mstroke-width\u001b[39m=\u001b[32m\"3\"\u001b[39m\n                \u001b[33mviewBox\u001b[39m=\u001b[32m\"0 0 24 24\"\u001b[39m\n                \u001b[33mwidth\u001b[39m=\u001b[32m\"10\"\u001b[39m\n              \u001b[36m>\u001b[39m\n                \u001b[36m<polyline\u001b[39m\n                  \u001b[33mpoints\u001b[39m=\u001b[32m\"6 9 12 15 18 9\"\u001b[39m\n                \u001b[36m/>\u001b[39m\n              \u001b[36m</svg>\u001b[39m\n            \u001b[36m</button>\u001b[39m\n          \u001b[36m</div>\u001b[39m\n        \u001b[36m</div>\u001b[39m\n        \u001b[36m<div\u001b[39m\n          \u001b[33mclass\u001b[39m=\u001b[32m\"flex items-center gap-6\"\u001b[39m\n        \u001b[36m>\u001b[39m\n          \u001b[36m<div\u001b[39m\n            \u001b[33mclass\u001b[39m=\u001b[32m\"flex gap-4\"\u001b[39m\n          \u001b[36m>\u001b[39m\n            \u001b[36m<div\u001b[39m\n              \u001b[33mclass\u001b[39m=\u001b[32m\"flex flex-col items-end\"\u001b[39m\n            \u001b[36m>\u001b[39m\n              \u001b[36m<span\u001b[39m\n                \u001b[33mclass\u001b[39m=\u001b[32m\"text-[9px] font-black text-muted uppercase tracking-tighter leading-none mb-1 opacity-70\"\u001b[39m\n              \u001b[36m>\u001b[39m\n                \u001b[0mStatus\u001b[0m\n              \u001b[36m</span>\u001b[39m\n              \u001b[36m<span\u001b[39m\n                \u001b[33mclass\u001b[39m=\u001b[32m\"text-[11px] font-black text-emerald-500\"\u001b[39m\n              \u001b[36m>\u001b[39m\n                \u001b[0m200\u001b[0m\n                \u001b[0m \u001b[0m\n                \u001b[0mOK\u001b[0m\n              \u001b[36m</span>\u001b[39m\n            \u001b[36m</div>\u001b[39m\n            \u001b[36m<div\u001b[39m\n              \u001b[33mclass\u001b[39m=\u001b[32m\"flex flex-col items-end\"\u001b[39m\n            \u001b[36m>\u001b[39m\n              \u001b[36m<span\u001b[39m\n                \u001b[33mclass\u001b[39m=\u001b[32m\"text-[9px] font-black text-muted uppercase tracking-tighter leading-none mb-1 opacity-70\"\u001b[39m\n              \u001b[36m>\u001b[39m\n                \u001b[0mTime\u001b[0m\n              \u001b[36m</span>\u001b[39m\n              \u001b[36m<span\u001b[39m\n                \u001b[33mclass\u001b[39m=\u001b[32m\"text-[11px] font-black text-emerald-500\"\u001b[39m\n              \u001b[36m>\u001b[39m\n                \u001b[0m150\u001b[0m\n                \u001b[0m ms\u001b[0m\n              \u001b[36m</span>\u001b[39m\n            \u001b[36m</div>\u001b[39m\n            \u001b[36m<div\u001b[39m\n              \u001b[33mclass\u001b[39m=\u001b[32m\"flex flex-col items-end\"\u001b[39m\n            \u001b[36m>\u001b[39m\n              \u001b[36m<span\u001b[39m\n                \u001b[33mclass\u001b[39m=\u001b[32m\"text-[9px] font-black text-muted uppercase tracking-tighter leading-none mb-1 opacity-70\"\u001b[39m\n              \u001b[36m>\u001b[39m\n                \u001b[0mSize\u001b[0m\n              \u001b[36m</span>\u001b[39m\n              \u001b[36m<span\u001b[39m\n                \u001b[33mclass\u001b[39m=\u001b[32m\"text-[11px] font-black text-emerald-500\"\u001b[39m\n              \u001b[36m>\u001b[39m\n                \u001b[0m47 B\u001b[0m\n              \u001b[36m</span>\u001b[39m\n            \u001b[36m</div>\u001b[39m\n          \u001b[36m</div>\u001b[39m\n          \u001b[36m<div\u001b[39m\n            \u001b[33mclass\u001b[39m=\u001b[32m\"w-[1px] h-4 bg-muted/20\"\u001b[39m\n          \u001b[36m/>\u001b[39m\n          \u001b[36m<button\u001b[39m\n            \u001b[33mclass\u001b[39m=\u001b[32m\"flex items-center gap-2 group\"\u001b[39m\n          \u001b[36m>\u001b[39m\n            \u001b[36m<span\u001b[39m\n              \u001b[33mclass\u001b[39m=\u001b[32m\"text-[10px] font-black text-muted group-hover:text-primary uppercase tracking-[0.1em] transition-colors\"\u001b[39m\n            \u001b[36m>\u001b[39m\n              \u001b[0mSave\u001b[0m\n            \u001b[36m</span>\u001b[39m\n            \u001b[36m<svg\u001b[39m\n              \u001b[33mclass\u001b[39m=\u001b[32m\"text-muted group-hover:text-primary transition-colors\"\u001b[39m\n              \u001b[33mfill\u001b[39m=\u001b[32m\"none\"\u001b[39m\n              \u001b[33mheight\u001b[39m=\u001b[32m\"14\"\u001b[39m\n              \u001b[33mstroke\u001b[39m=\u001b[32m\"currentColor\"\u001b[39m\n              \u001b[33mstroke-linecap\u001b[39m=\u001b[32m\"round\"\u001b[39m\n              \u001b[33mstroke-linejoin\u001b[39m=\u001b[32m\"round\"\u001b[39m\n              \u001b[33mstroke-width\u001b[39m=\u001b[32m\"2.5\"\u001b[39m\n              \u001b[33mviewBox\u001b[39m=\u001b[32m\"0 0 24 24\"\u001b[39m\n              \u001b[33mwidth\u001b[39m=\u001b[32m\"14\"\u001b[39m\n            \u001b[36m>\u001b[39m\n              \u001b[36m<path\u001b[39m\n                \u001b[33md\u001b[39m=\u001b[32m\"M19 21H5a2 2 0 0 1-2-2V5a2 2 0 0 1 2-2h11l5 5v11a2 2 0 0 1-2 2z\"\u001b[39m\n              \u001b[36m/>\u001b[39m\n              \u001b[36m<polyline\u001b[39m\n                \u001b[33mpoints\u001b[39m=\u001b[32m\"17 21 17 13 7 13 7 21\"\u001b[39m\n              \u001b[36m/>\u001b[39m\n              \u001b[36m<polyline\u001b[39m\n                \u001b[33mpoints\u001b[39m=\u001b[32m\"7 3 7 8 15 8\"\u001b[39m\n              \u001b[36m/>\u001b[39m\n            \u001b[36m</svg>\u001b[39m\n          \u001b[36m</button>\u001b[39m\n          \u001b[36m<button\u001b[39m\n            \u001b[33mclass\u001b[39m=\u001b[32m\"p-1 hover:text-primary transition-colors opacity-60 hover:opacity-100\"\u001b[39m\n          \u001b[36m>\u001b[39m\n            \u001b[36m<svg\u001b[39m\n              \u001b[33mfill\u001b[39m=\u001b[32m\"none\"\u001b[39m\n              \u001b[33mheight\u001b[39m=\u001b[32m\"16\"\u001b[39m\n              \u001b[33mstroke\u001b[39m=\u001b[32m\"currentColor\"\u001b[39m\n              \u001b[33mstroke-linecap\u001b[39m=\u001b[32m\"round\"\u001b[39m\n              \u001b[33mstroke-linejoin\u001b[39m=\u001b[32m\"round\"\u001b[39m\n              \u001b[33mstroke-width\u001b[39m=\u001b[32m\"2\"\u001b[39m\n              \u001b[33mviewBox\u001b[39m=...\n    at Object.getElementError (C:\\Users\\ripan\\Downloads\\git_se\\CosmoNaut\\node_modules\\@testing-library\\dom\\dist\\config.js:37:19)\n    at C:\\Users\\ripan\\Downloads\\git_se\\CosmoNaut\\node_modules\\@testing-library\\dom\\dist\\query-helpers.js:76:38\n    at C:\\Users\\ripan\\Downloads\\git_se\\CosmoNaut\\node_modules\\@testing-library\\dom\\dist\\query-helpers.js:52:17\n    at C:\\Users\\ripan\\Downloads\\git_se\\CosmoNaut\\node_modules\\@testing-library\\dom\\dist\\query-helpers.js:95:19\n    at C:/Users/ripan/Downloads/git_se/CosmoNaut/test/integration/response-visualizer.test.tsx:21:34\n    at file:///C:/Users/ripan/Downloads/git_se/CosmoNaut/node_modules/@vitest/runner/dist/index.js:145:11\n    at file:///C:/Users/ripan/Downloads/git_se/CosmoNaut/node_modules/@vitest/runner/dist/index.js:915:26\n    at file:///C:/Users/ripan/Downloads/git_se/CosmoNaut/node_modules/@vitest/runner/dist/index.js:1243:20\n    at new Promise (<anonymous>)\n    at runWithTimeout (file:///C:/Users/ripan/Downloads/git_se/CosmoNaut/node_modules/@vitest/runner/dist/index.js:1209:10)"],"meta":{}}],"startTime":1773090409938,"endTime":1773090410745.6367,"status":"failed","message":"","name":"C:/Users/ripan/Downloads/git_se/CosmoNaut/test/integration/response-visualizer.test.tsx"},{"assertionResults":[{"ancestorTitles":["Ultra-Integration: Dynamic Role Transition"],"fullName":"Ultra-Integration: Dynamic Role Transition UI immediately locks down when switching from 'owner' to 'read'","status":"passed","title":"UI immediately locks down when switching from 'owner' to 'read'","duration":32.33899999999994,"failureMessages":[],"meta":{}}],"startTime":1773090411186,"endTime":1773090411218.339,"status":"passed","message":"","name":"C:/Users/ripan/Downloads/git_se/CosmoNaut/test/integration/role-transition.test.tsx"},{"assertionResults":[{"ancestorTitles":["Ultra-Integration: Scenario Replay Pipeline"],"fullName":"Ultra-Integration: Scenario Replay Pipeline Replaying a history item restores complex Auth and Body telemetry","status":"passed","title":"Replaying a history item restores complex Auth and Body telemetry","duration":4952.6379000000015,"failureMessages":[],"meta":{}}],"startTime":1773090401287,"endTime":1773090406239.638,"status":"passed","message":"","name":"C:/Users/ripan/Downloads/git_se/CosmoNaut/test/integration/scenario-replay.test.tsx"},{"assertionResults":[{"ancestorTitles":["Ultra-Integration: Workspace Context Switching"],"fullName":"Ultra-Integration: Workspace Context Switching Fast Switch: UI reacts to workspace role and flushes state","status":"passed","title":"Fast Switch: UI reacts to workspace role and flushes state","duration":3428.501400000001,"failureMessages":[],"meta":{}}],"startTime":1773090402062,"endTime":1773090405490.5015,"status":"passed","message":"","name":"C:/Users/ripan/Downloads/git_se/CosmoNaut/test/integration/workspace-orchestration.test.tsx"},{"assertionResults":[{"ancestorTitles":["Astronaut"],"fullName":"Astronaut renders astronaut image","status":"passed","title":"renders astronaut image","duration":214.4387999999999,"failureMessages":[],"meta":{}}],"startTime":1773090408992,"endTime":1773090409206.4387,"status":"passed","message":"","name":"C:/Users/ripan/Downloads/git_se/CosmoNaut/app/components/__tests__/Astronaut.test.tsx"},{"assertionResults":[{"ancestorTitles":["AuthCard"],"fullName":"AuthCard renders title and children correctly","status":"passed","title":"renders title and children correctly","duration":205.47969999999987,"failureMessages":[],"meta":{}}],"startTime":1773090408941,"endTime":1773090409146.4797,"status":"passed","message":"","name":"C:/Users/ripan/Downloads/git_se/CosmoNaut/app/components/__tests__/AuthCard.test.tsx"},{"assertionResults":[{"ancestorTitles":["LoadingSplash"],"fullName":"LoadingSplash renders loading text and brand name","status":"passed","title":"renders loading text and brand name","duration":23.915899999999965,"failureMessages":[],"meta":{}}],"startTime":1773090411176,"endTime":1773090411199.916,"status":"passed","message":"","name":"C:/Users/ripan/Downloads/git_se/CosmoNaut/app/components/__tests__/LoadingSplash.test.tsx"},{"assertionResults":[{"ancestorTitles":["ProfileModal Component"],"fullName":"ProfileModal Component renders profile info correctly","status":"passed","title":"renders profile info correctly","duration":878.1864000000005,"failureMessages":[],"meta":{}},{"ancestorTitles":["ProfileModal Component"],"fullName":"ProfileModal Component switches to change password view","status":"passed","title":"switches to change password view","duration":3209.980200000002,"failureMessages":[],"meta":{}},{"ancestorTitles":["ProfileModal Component"],"fullName":"ProfileModal Component validates password strength in the modal","status":"passed","title":"validates password strength in the modal","duration":1649.8868000000002,"failureMessages":[],"meta":{}},{"ancestorTitles":["ProfileModal Component"],"fullName":"ProfileModal Component successfully updates password after re-authentication","status":"passed","title":"successfully updates password after re-authentication","duration":1228.3129999999983,"failureMessages":[],"meta":{}},{"ancestorTitles":["ProfileModal Component"],"fullName":"ProfileModal Component handles incorrect current password error","status":"passed","title":"handles incorrect current password error","duration":722.5807999999997,"failureMessages":[],"meta":{}},{"ancestorTitles":["ProfileModal Component"],"fullName":"ProfileModal Component blocks submission if new password is not strong","status":"passed","title":"blocks submission if new password is not strong","duration":717.2543000000005,"failureMessages":[],"meta":{}}],"startTime":1773090402309,"endTime":1773090410716.2544,"status":"passed","message":"","name":"C:/Users/ripan/Downloads/git_se/CosmoNaut/app/components/__tests__/ProfileModal.test.tsx"},{"assertionResults":[{"ancestorTitles":["ThemeToggle"],"fullName":"ThemeToggle renders and allows toggling theme","status":"passed","title":"renders and allows toggling theme","duration":211.67769999999973,"failureMessages":[],"meta":{}}],"startTime":1773090408943,"endTime":1773090409154.6777,"status":"passed","message":"","name":"C:/Users/ripan/Downloads/git_se/CosmoNaut/app/components/__tests__/ThemeToggle.test.tsx"},{"assertionResults":[{"ancestorTitles":["SignUp Page"],"fullName":"SignUp Page toggles password visibility when eye icon is clicked","status":"passed","title":"toggles password visibility when eye icon is clicked","duration":1664.6088999999974,"failureMessages":[],"meta":{}},{"ancestorTitles":["SignUp Page"],"fullName":"SignUp Page updates strength meter and checklist as user types","status":"passed","title":"updates strength meter and checklist as user types","duration":1090.3963000000003,"failureMessages":[],"meta":{}},{"ancestorTitles":["SignUp Page"],"fullName":"SignUp Page prevents form submission if password is not strong","status":"passed","title":"prevents form submission if password is not strong","duration":2905.1865,"failureMessages":[],"meta":{}}],"startTime":1773090403776,"endTime":1773090409437.1865,"status":"passed","message":"","name":"C:/Users/ripan/Downloads/git_se/CosmoNaut/app/signup/__tests__/SignUp.test.tsx"},{"assertionResults":[{"ancestorTitles":["ResetPassword Page"],"fullName":"ResetPassword Page shows loading state while verifying code","status":"passed","title":"shows loading state while verifying code","duration":1094.7489000000005,"failureMessages":[],"meta":{}},{"ancestorTitles":["ResetPassword Page"],"fullName":"ResetPassword Page toggles password visibility in the reset form","status":"passed","title":"toggles password visibility in the reset form","duration":3268.207000000002,"failureMessages":[],"meta":{}},{"ancestorTitles":["ResetPassword Page"],"fullName":"ResetPassword Page shows strength meter on password focus","status":"passed","title":"shows strength meter on password focus","duration":436.01890000000276,"failureMessages":[],"meta":{}},{"ancestorTitles":["ResetPassword Page"],"fullName":"ResetPassword Page blocks reset if requirements are not met","status":"passed","title":"blocks reset if requirements are not met","duration":608.7857999999978,"failureMessages":[],"meta":{}}],"startTime":1773090403790,"endTime":1773090409205.786,"status":"passed","message":"","name":"C:/Users/ripan/Downloads/git_se/CosmoNaut/app/reset-password/__tests__/ResetPassword.test.tsx"},{"assertionResults":[{"ancestorTitles":["FlowExecutor"],"fullName":"FlowExecutor executes blocks sequentially and completes on success","status":"passed","title":"executes blocks sequentially and completes on success","duration":4.5914000000000215,"failureMessages":[],"meta":{}},{"ancestorTitles":["FlowExecutor"],"fullName":"FlowExecutor stops execution on block failure","status":"passed","title":"stops execution on block failure","duration":0.8657000000000608,"failureMessages":[],"meta":{}},{"ancestorTitles":["FlowExecutor"],"fullName":"FlowExecutor sorts blocks by order before execution","status":"passed","title":"sorts blocks by order before execution","duration":0.2645999999999731,"failureMessages":[],"meta":{}}],"startTime":1773090411069,"endTime":1773090411075.2646,"status":"passed","message":"","name":"C:/Users/ripan/Downloads/git_se/CosmoNaut/app/components/Flows/core/FlowExecutor.test.ts"}]}
