{"numTotalTestSuites":58,"numPassedTestSuites":58,"numFailedTestSuites":0,"numPendingTestSuites":0,"numTotalTests":43,"numPassedTests":43,"numFailedTests":0,"numPendingTests":0,"numTodoTests":0,"snapshot":{"added":0,"failure":false,"filesAdded":0,"filesRemoved":0,"filesRemovedList":[],"filesUnmatched":0,"filesUpdated":0,"matched":0,"total":0,"unchecked":0,"uncheckedKeysByFile":[],"unmatched":0,"updated":0,"didUpdate":false},"startTime":1773090849218,"success":true,"testResults":[{"assertionResults":[{"ancestorTitles":["DEBUG: ResponsePanel Render"],"fullName":"DEBUG: ResponsePanel Render Log HTML","status":"passed","title":"Log HTML","duration":57.51270000000022,"failureMessages":[],"meta":{}}],"startTime":1773090861499,"endTime":1773090861556.5127,"status":"passed","message":"","name":"C:/Users/ripan/Downloads/git_se/CosmoNaut/debug_render.test.tsx"},{"assertionResults":[{"ancestorTitles":["Integration: Auth to Header Conversion"],"fullName":"Integration: Auth to Header Conversion converts Bearer Auth state into Authorization header for Engine","status":"passed","title":"converts Bearer Auth state into Authorization header for Engine","duration":254.10969999999998,"failureMessages":[],"meta":{}}],"startTime":1773090860094,"endTime":1773090860348.1096,"status":"passed","message":"","name":"C:/Users/ripan/Downloads/git_se/CosmoNaut/test/integration/auth-header-injection.test.tsx"},{"assertionResults":[{"ancestorTitles":["Ultra-Integration: End-to-End Request Pipeline"],"fullName":"Ultra-Integration: End-to-End Request Pipeline Integration of URL Cleaning + Auth Injection + History Persistence","status":"passed","title":"Integration of URL Cleaning + Auth Injection + History Persistence","duration":496.84119999999984,"failureMessages":[],"meta":{}},{"ancestorTitles":["Ultra-Integration: End-to-End Request Pipeline"],"fullName":"Ultra-Integration: End-to-End Request Pipeline Integration: JSON Validation Edge Case","status":"passed","title":"Integration: JSON Validation Edge Case","duration":131.82489999999962,"failureMessages":[],"meta":{}}],"startTime":1773090854254,"endTime":1773090854882.825,"status":"passed","message":"","name":"C:/Users/ripan/Downloads/git_se/CosmoNaut/test/integration/comprehensive-engine-bridge.test.tsx"},{"assertionResults":[{"ancestorTitles":["Ultra-Integration: Disk Persistence Bridge"],"fullName":"Ultra-Integration: Disk Persistence Bridge Deleting a collection triggers a write to the local filesystem via Tauri","status":"passed","title":"Deleting a collection triggers a write to the local filesystem via Tauri","duration":88.3137999999999,"failureMessages":[],"meta":{}}],"startTime":1773090860830,"endTime":1773090860918.3137,"status":"passed","message":"","name":"C:/Users/ripan/Downloads/git_se/CosmoNaut/test/integration/disk-persistence.test.tsx"},{"assertionResults":[{"ancestorTitles":["Integration: Distributed Tracing Persistence"],"fullName":"Integration: Distributed Tracing Persistence persists engine-level errors and trace metadata to history","status":"passed","title":"persists engine-level errors and trace metadata to history","duration":316.8694000000005,"failureMessages":[],"meta":{}}],"startTime":1773090859808,"endTime":1773090860124.8694,"status":"passed","message":"","name":"C:/Users/ripan/Downloads/git_se/CosmoNaut/test/integration/distributed-tracing-flow.test.tsx"},{"assertionResults":[{"ancestorTitles":["Integration: Auto Header Injection"],"fullName":"Integration: Auto Header Injection automatically adds Content-Type when a JSON body is present in POST","status":"passed","title":"automatically adds Content-Type when a JSON body is present in POST","duration":665.4540999999999,"failureMessages":[],"meta":{}}],"startTime":1773090854475,"endTime":1773090855140.454,"status":"passed","message":"","name":"C:/Users/ripan/Downloads/git_se/CosmoNaut/test/integration/header-logic.test.tsx"},{"assertionResults":[{"ancestorTitles":["Ultra-Integration: Import & Collection Handshake"],"fullName":"Ultra-Integration: Import & Collection Handshake Importing a collection correctly updates the Sidebar and Provider state","status":"passed","title":"Importing a collection correctly updates the Sidebar and Provider state","duration":993.2209999999995,"failureMessages":[],"meta":{}}],"startTime":1773090854527,"endTime":1773090855520.221,"status":"passed","message":"","name":"C:/Users/ripan/Downloads/git_se/CosmoNaut/test/integration/import-export-handshake.test.tsx"},{"assertionResults":[{"ancestorTitles":["Ultra-Integration: Multi-Step Flow Automation"],"fullName":"Ultra-Integration: Multi-Step Flow Automation Chain Integration: Successfully passes data from Response A to Request B","status":"passed","title":"Chain Integration: Successfully passes data from Response A to Request B","duration":460.59310000000005,"failureMessages":[],"meta":{}}],"startTime":1773090853970,"endTime":1773090854430.593,"status":"passed","message":"","name":"C:/Users/ripan/Downloads/git_se/CosmoNaut/test/integration/multi-step-flow.test.tsx"},{"assertionResults":[{"ancestorTitles":["Mega-Integration: Advanced Request Orchestration"],"fullName":"Mega-Integration: Advanced Request Orchestration UH1 Flow: Complex JSON Post with Auth Normalization & Trace Recording","status":"passed","title":"UH1 Flow: Complex JSON Post with Auth Normalization & Trace Recording","duration":335.40419999999995,"failureMessages":[],"meta":{}},{"ancestorTitles":["Mega-Integration: Advanced Request Orchestration"],"fullName":"Mega-Integration: Advanced Request Orchestration Error Boundary: JSON Validation","status":"passed","title":"Error Boundary: JSON Validation","duration":125.79989999999998,"failureMessages":[],"meta":{}}],"startTime":1773090854721,"endTime":1773090855182.7998,"status":"passed","message":"","name":"C:/Users/ripan/Downloads/git_se/CosmoNaut/test/integration/orchestration-lifecycle.test.tsx"},{"assertionResults":[{"ancestorTitles":["Ultra-Integration: Privacy-Aware Persistence"],"fullName":"Ultra-Integration: Privacy-Aware Persistence UH1 Goal: History integration correctly captures Auth metadata for replay","status":"passed","title":"UH1 Goal: History integration correctly captures Auth metadata for replay","duration":282.5726999999997,"failureMessages":[],"meta":{}}],"startTime":1773090858594,"endTime":1773090858876.5728,"status":"passed","message":"","name":"C:/Users/ripan/Downloads/git_se/CosmoNaut/test/integration/privacy-history.test.tsx"},{"assertionResults":[{"ancestorTitles":["Mega-Integration: Role Based Access Control"],"fullName":"Mega-Integration: Role Based Access Control Read-only role disables critical UI controls and prevents modification","status":"passed","title":"Read-only role disables critical UI controls and prevents modification","duration":285.34140000000025,"failureMessages":[],"meta":{}}],"startTime":1773090860529,"endTime":1773090860814.3413,"status":"passed","message":"","name":"C:/Users/ripan/Downloads/git_se/CosmoNaut/test/integration/rbac-security.test.tsx"},{"assertionResults":[{"ancestorTitles":["Integration: Demo request flow"],"fullName":"Integration: Demo request flow demo user can execute request and it still hits engine","status":"passed","title":"demo user can execute request and it still hits engine","duration":254.35599999999977,"failureMessages":[],"meta":{}}],"startTime":1773090859424,"endTime":1773090859678.356,"status":"passed","message":"","name":"C:/Users/ripan/Downloads/git_se/CosmoNaut/test/integration/request-demo-limiter.test.tsx"},{"assertionResults":[{"ancestorTitles":["Integration: Engine error contract"],"fullName":"Integration: Engine error contract error ΓåÆ response lifecycle ΓåÆ history persisted","status":"passed","title":"error ΓåÆ response lifecycle ΓåÆ history persisted","duration":440.0730999999996,"failureMessages":[],"meta":{}}],"startTime":1773090856192,"endTime":1773090856632.073,"status":"passed","message":"","name":"C:/Users/ripan/Downloads/git_se/CosmoNaut/test/integration/request-error.contract.test.tsx"},{"assertionResults":[{"ancestorTitles":["Integration: Full request execution contract"],"fullName":"Integration: Full request execution contract normalizes ΓåÆ calls engine ΓåÆ renders response ΓåÆ persists history","status":"passed","title":"normalizes ΓåÆ calls engine ΓåÆ renders response ΓåÆ persists history","duration":502.9297000000006,"failureMessages":[],"meta":{}}],"startTime":1773090856398,"endTime":1773090856900.9297,"status":"passed","message":"","name":"C:/Users/ripan/Downloads/git_se/CosmoNaut/test/integration/request-execution.contract.test.tsx"},{"assertionResults":[{"ancestorTitles":["Integration: request flow"],"fullName":"Integration: request flow user sends request ΓåÆ engine runs ΓåÆ response renders ΓåÆ history saved","status":"passed","title":"user sends request ΓåÆ engine runs ΓåÆ response renders ΓåÆ history saved","duration":371.09419999999955,"failureMessages":[],"meta":{}}],"startTime":1773090860749,"endTime":1773090861120.0942,"status":"passed","message":"","name":"C:/Users/ripan/Downloads/git_se/CosmoNaut/test/integration/request-flow.test.tsx"},{"assertionResults":[{"ancestorTitles":["Integration: Request loading lifecycle"],"fullName":"Integration: Request loading lifecycle Send ΓåÆ loading ΓåÆ response ΓåÆ history persisted ΓåÆ engine contract","status":"passed","title":"Send ΓåÆ loading ΓåÆ response ΓåÆ history persisted ΓåÆ engine contract","duration":876.8056999999999,"failureMessages":[],"meta":{}}],"startTime":1773090854802,"endTime":1773090855678.8057,"status":"passed","message":"","name":"C:/Users/ripan/Downloads/git_se/CosmoNaut/test/integration/request-loading.test.tsx"},{"assertionResults":[{"ancestorTitles":["Integration: Request normalization"],"fullName":"Integration: Request normalization normalizes params into URL and persists history","status":"passed","title":"normalizes params into URL and persists history","duration":457.90000000000055,"failureMessages":[],"meta":{}}],"startTime":1773090854393,"endTime":1773090854850.9,"status":"passed","message":"","name":"C:/Users/ripan/Downloads/git_se/CosmoNaut/test/integration/request-normalization.test.tsx"},{"assertionResults":[{"ancestorTitles":["Ultra-Integration: Response Format Visualization"],"fullName":"Ultra-Integration: Response Format Visualization Successfully formats raw engine strings into Pretty JSON via format selector","status":"passed","title":"Successfully formats raw engine strings into Pretty JSON via format selector","duration":650.2982000000002,"failureMessages":[],"meta":{}}],"startTime":1773090856014,"endTime":1773090856664.298,"status":"passed","message":"","name":"C:/Users/ripan/Downloads/git_se/CosmoNaut/test/integration/response-visualizer.test.tsx"},{"assertionResults":[{"ancestorTitles":["Ultra-Integration: Dynamic Role Transition"],"fullName":"Ultra-Integration: Dynamic Role Transition UI immediately locks down when switching from 'owner' to 'read'","status":"passed","title":"UI immediately locks down when switching from 'owner' to 'read'","duration":58.27910000000065,"failureMessages":[],"meta":{}}],"startTime":1773090860903,"endTime":1773090860961.279,"status":"passed","message":"","name":"C:/Users/ripan/Downloads/git_se/CosmoNaut/test/integration/role-transition.test.tsx"},{"assertionResults":[{"ancestorTitles":["Ultra-Integration: Scenario Replay Pipeline"],"fullName":"Ultra-Integration: Scenario Replay Pipeline Replaying a history item restores complex Auth and Body telemetry","status":"passed","title":"Replaying a history item restores complex Auth and Body telemetry","duration":484.5733,"failureMessages":[],"meta":{}}],"startTime":1773090853493,"endTime":1773090853977.5732,"status":"passed","message":"","name":"C:/Users/ripan/Downloads/git_se/CosmoNaut/test/integration/scenario-replay.test.tsx"},{"assertionResults":[{"ancestorTitles":["Ultra-Integration: Workspace Context Switching"],"fullName":"Ultra-Integration: Workspace Context Switching Fast Switch: UI reacts to workspace role and flushes state","status":"passed","title":"Fast Switch: UI reacts to workspace role and flushes state","duration":312.1403999999993,"failureMessages":[],"meta":{}}],"startTime":1773090854728,"endTime":1773090855040.1404,"status":"passed","message":"","name":"C:/Users/ripan/Downloads/git_se/CosmoNaut/test/integration/workspace-orchestration.test.tsx"},{"assertionResults":[{"ancestorTitles":["Astronaut"],"fullName":"Astronaut renders astronaut image","status":"passed","title":"renders astronaut image","duration":185.67309999999998,"failureMessages":[],"meta":{}}],"startTime":1773090860971,"endTime":1773090861156.673,"status":"passed","message":"","name":"C:/Users/ripan/Downloads/git_se/CosmoNaut/app/components/__tests__/Astronaut.test.tsx"},{"assertionResults":[{"ancestorTitles":["AuthCard"],"fullName":"AuthCard renders title and children correctly","status":"passed","title":"renders title and children correctly","duration":222.0693000000001,"failureMessages":[],"meta":{}}],"startTime":1773090860601,"endTime":1773090860823.0693,"status":"passed","message":"","name":"C:/Users/ripan/Downloads/git_se/CosmoNaut/app/components/__tests__/AuthCard.test.tsx"},{"assertionResults":[{"ancestorTitles":["LoadingSplash"],"fullName":"LoadingSplash renders loading text and brand name","status":"passed","title":"renders loading text and brand name","duration":31.6241,"failureMessages":[],"meta":{}}],"startTime":1773090860999,"endTime":1773090861030.624,"status":"passed","message":"","name":"C:/Users/ripan/Downloads/git_se/CosmoNaut/app/components/__tests__/LoadingSplash.test.tsx"},{"assertionResults":[{"ancestorTitles":["ProfileModal Component"],"fullName":"ProfileModal Component renders profile info correctly","status":"passed","title":"renders profile info correctly","duration":79.92389999999978,"failureMessages":[],"meta":{}},{"ancestorTitles":["ProfileModal Component"],"fullName":"ProfileModal Component switches to change password view","status":"passed","title":"switches to change password view","duration":286.72159999999985,"failureMessages":[],"meta":{}},{"ancestorTitles":["ProfileModal Component"],"fullName":"ProfileModal Component validates password strength in the modal","status":"passed","title":"validates password strength in the modal","duration":172.24559999999929,"failureMessages":[],"meta":{}},{"ancestorTitles":["ProfileModal Component"],"fullName":"ProfileModal Component successfully updates password after re-authentication","status":"passed","title":"successfully updates password after re-authentication","duration":172.7577999999994,"failureMessages":[],"meta":{}},{"ancestorTitles":["ProfileModal Component"],"fullName":"ProfileModal Component handles incorrect current password error","status":"passed","title":"handles incorrect current password error","duration":174.01339999999982,"failureMessages":[],"meta":{}},{"ancestorTitles":["ProfileModal Component"],"fullName":"ProfileModal Component blocks submission if new password is not strong","status":"passed","title":"blocks submission if new password is not strong","duration":220.1791000000003,"failureMessages":[],"meta":{}}],"startTime":1773090853510,"endTime":1773090854617.1792,"status":"passed","message":"","name":"C:/Users/ripan/Downloads/git_se/CosmoNaut/app/components/__tests__/ProfileModal.test.tsx"},{"assertionResults":[{"ancestorTitles":["ThemeToggle"],"fullName":"ThemeToggle renders and allows toggling theme","status":"passed","title":"renders and allows toggling theme","duration":193.1934000000001,"failureMessages":[],"meta":{}}],"startTime":1773090860668,"endTime":1773090860861.1934,"status":"passed","message":"","name":"C:/Users/ripan/Downloads/git_se/CosmoNaut/app/components/__tests__/ThemeToggle.test.tsx"},{"assertionResults":[{"ancestorTitles":["SignUp Page"],"fullName":"SignUp Page toggles password visibility when eye icon is clicked","status":"passed","title":"toggles password visibility when eye icon is clicked","duration":145.14480000000003,"failureMessages":[],"meta":{}},{"ancestorTitles":["SignUp Page"],"fullName":"SignUp Page updates strength meter and checklist as user types","status":"passed","title":"updates strength meter and checklist as user types","duration":134.34730000000036,"failureMessages":[],"meta":{}},{"ancestorTitles":["SignUp Page"],"fullName":"SignUp Page prevents form submission if password is not strong","status":"passed","title":"prevents form submission if password is not strong","duration":322.21810000000005,"failureMessages":[],"meta":{}}],"startTime":1773090855091,"endTime":1773090855692.218,"status":"passed","message":"","name":"C:/Users/ripan/Downloads/git_se/CosmoNaut/app/signup/__tests__/SignUp.test.tsx"},{"assertionResults":[{"ancestorTitles":["ResetPassword Page"],"fullName":"ResetPassword Page shows loading state while verifying code","status":"passed","title":"shows loading state while verifying code","duration":59.899500000000444,"failureMessages":[],"meta":{}},{"ancestorTitles":["ResetPassword Page"],"fullName":"ResetPassword Page toggles password visibility in the reset form","status":"passed","title":"toggles password visibility in the reset form","duration":316.7021999999997,"failureMessages":[],"meta":{}},{"ancestorTitles":["ResetPassword Page"],"fullName":"ResetPassword Page shows strength meter on password focus","status":"passed","title":"shows strength meter on password focus","duration":37.49030000000039,"failureMessages":[],"meta":{}},{"ancestorTitles":["ResetPassword Page"],"fullName":"ResetPassword Page blocks reset if requirements are not met","status":"passed","title":"blocks reset if requirements are not met","duration":131.58279999999922,"failureMessages":[],"meta":{}}],"startTime":1773090855088,"endTime":1773090855633.5828,"status":"passed","message":"","name":"C:/Users/ripan/Downloads/git_se/CosmoNaut/app/reset-password/__tests__/ResetPassword.test.tsx"},{"assertionResults":[{"ancestorTitles":["FlowExecutor"],"fullName":"FlowExecutor executes blocks sequentially and completes on success","status":"passed","title":"executes blocks sequentially and completes on success","duration":5.110200000000077,"failureMessages":[],"meta":{}},{"ancestorTitles":["FlowExecutor"],"fullName":"FlowExecutor stops execution on block failure","status":"passed","title":"stops execution on block failure","duration":1.0695000000000618,"failureMessages":[],"meta":{}},{"ancestorTitles":["FlowExecutor"],"fullName":"FlowExecutor sorts blocks by order before execution","status":"passed","title":"sorts blocks by order before execution","duration":0.3427000000001499,"failureMessages":[],"meta":{}}],"startTime":1773090860616,"endTime":1773090860622.3428,"status":"passed","message":"","name":"C:/Users/ripan/Downloads/git_se/CosmoNaut/app/components/Flows/core/FlowExecutor.test.ts"}]}
